# JRE version: OpenJDK Runtime Environment (8.0_265-b01) (build 1.8.0_265-b01)
# Java VM: OpenJDK 64-Bit Server VM (25.265-b01 mixed mode windows-amd64 compressed oops)
Heap:
 PSYoungGen      total 298496K, used 7818K [0x00000000d6100000, 0x00000000efb80000, 0x0000000100000000)
  eden space 281088K, 2% used [0x00000000d6100000,0x00000000d68a2b28,0x00000000e7380000)
  from space 17408K, 0% used [0x00000000e7380000,0x00000000e7380000,0x00000000e8480000)
  to   space 23040K, 0% used [0x00000000ee500000,0x00000000ee500000,0x00000000efb80000)
 ParOldGen       total 144384K, used 39697K [0x0000000082200000, 0x000000008af00000, 0x00000000d6100000)
  object space 144384K, 27% used [0x0000000082200000,0x00000000848c4590,0x000000008af00000)
 Metaspace       used 54700K, capacity 59256K, committed 59352K, reserved 1099776K
  class space    used 7309K, capacity 8102K, committed 8152K, reserved 1048576K
GC Heap History (10 events):
Event: 29.994 GC heap before
{Heap before GC invocations=8 (full 1):
 PSYoungGen      total 201728K, used 201330K [0x00000000d6100000, 0x00000000e7380000, 0x0000000100000000)
  eden space 196608K, 100% used [0x00000000d6100000,0x00000000e2100000,0x00000000e2100000)
  from space 5120K, 92% used [0x00000000e6e80000,0x00000000e731ca30,0x00000000e7380000)
  to   space 13824K, 0% used [0x00000000e5880000,0x00000000e5880000,0x00000000e6600000)
 ParOldGen       total 75264K, used 19622K [0x0000000082200000, 0x0000000086b80000, 0x00000000d6100000)
  object space 75264K, 26% used [0x0000000082200000,0x00000000835299a0,0x0000000086b80000)
 Metaspace       used 27310K, capacity 28018K, committed 28288K, reserved 1075200K
  class space    used 3238K, capacity 3381K, committed 3456K, reserved 1048576K
Event: 30.010 GC heap after
Heap after GC invocations=8 (full 1):
 PSYoungGen      total 267264K, used 7146K [0x00000000d6100000, 0x00000000e9180000, 0x0000000100000000)
  eden space 253440K, 0% used [0x00000000d6100000,0x00000000d6100000,0x00000000e5880000)
  from space 13824K, 51% used [0x00000000e5880000,0x00000000e5f7a828,0x00000000e6600000)
  to   space 13312K, 0% used [0x00000000e8480000,0x00000000e8480000,0x00000000e9180000)
 ParOldGen       total 75264K, used 19630K [0x0000000082200000, 0x0000000086b80000, 0x00000000d6100000)
  object space 75264K, 26% used [0x0000000082200000,0x000000008352b9a0,0x0000000086b80000)
 Metaspace       used 27310K, capacity 28018K, committed 28288K, reserved 1075200K
  class space    used 3238K, capacity 3381K, committed 3456K, reserved 1048576K
}
Event: 35.510 GC heap before
{Heap before GC invocations=9 (full 1):
 PSYoungGen      total 267264K, used 150038K [0x00000000d6100000, 0x00000000e9180000, 0x0000000100000000)
  eden space 253440K, 56% used [0x00000000d6100000,0x00000000dec8b020,0x00000000e5880000)
  from space 13824K, 51% used [0x00000000e5880000,0x00000000e5f7a828,0x00000000e6600000)
  to   space 13312K, 0% used [0x00000000e8480000,0x00000000e8480000,0x00000000e9180000)
 ParOldGen       total 75264K, used 19630K [0x0000000082200000, 0x0000000086b80000, 0x00000000d6100000)
  object space 75264K, 26% used [0x0000000082200000,0x000000008352b9a0,0x0000000086b80000)
 Metaspace       used 34412K, capacity 35286K, committed 35456K, reserved 1081344K
  class space    used 4243K, capacity 4427K, committed 4480K, reserved 1048576K
Event: 35.552 GC heap after
Heap after GC invocations=9 (full 1):
 PSYoungGen      total 294400K, used 13294K [0x00000000d6100000, 0x00000000ee800000, 0x0000000100000000)
  eden space 281088K, 0% used [0x00000000d6100000,0x00000000d6100000,0x00000000e7380000)
  from space 13312K, 99% used [0x00000000e8480000,0x00000000e917bb60,0x00000000e9180000)
  to   space 17408K, 0% used [0x00000000e7380000,0x00000000e7380000,0x00000000e8480000)
 ParOldGen       total 75264K, used 24935K [0x0000000082200000, 0x0000000086b80000, 0x00000000d6100000)
  object space 75264K, 33% used [0x0000000082200000,0x0000000083a59e70,0x0000000086b80000)
 Metaspace       used 34412K, capacity 35286K, committed 35456K, reserved 1081344K
  class space    used 4243K, capacity 4427K, committed 4480K, reserved 1048576K
}
Event: 35.552 GC heap before
{Heap before GC invocations=10 (full 2):
 PSYoungGen      total 294400K, used 13294K [0x00000000d6100000, 0x00000000ee800000, 0x0000000100000000)
  eden space 281088K, 0% used [0x00000000d6100000,0x00000000d6100000,0x00000000e7380000)
  from space 13312K, 99% used [0x00000000e8480000,0x00000000e917bb60,0x00000000e9180000)
  to   space 17408K, 0% used [0x00000000e7380000,0x00000000e7380000,0x00000000e8480000)
 ParOldGen       total 75264K, used 24935K [0x0000000082200000, 0x0000000086b80000, 0x00000000d6100000)
  object space 75264K, 33% used [0x0000000082200000,0x0000000083a59e70,0x0000000086b80000)
 Metaspace       used 34412K, capacity 35286K, committed 35456K, reserved 1081344K
  class space    used 4243K, capacity 4427K, committed 4480K, reserved 1048576K
Event: 35.658 GC heap after
Heap after GC invocations=10 (full 2):
 PSYoungGen      total 294400K, used 0K [0x00000000d6100000, 0x00000000ee800000, 0x0000000100000000)
  eden space 281088K, 0% used [0x00000000d6100000,0x00000000d6100000,0x00000000e7380000)
  from space 13312K, 0% used [0x00000000e8480000,0x00000000e8480000,0x00000000e9180000)
  to   space 17408K, 0% used [0x00000000e7380000,0x00000000e7380000,0x00000000e8480000)
 ParOldGen       total 111616K, used 33405K [0x0000000082200000, 0x0000000088f00000, 0x00000000d6100000)
  object space 111616K, 29% used [0x0000000082200000,0x000000008429f6f0,0x0000000088f00000)
 Metaspace       used 34412K, capacity 35286K, committed 35456K, reserved 1081344K
  class space    used 4243K, capacity 4427K, committed 4480K, reserved 1048576K
}
Event: 42.590 GC heap before
{Heap before GC invocations=11 (full 2):
 PSYoungGen      total 294400K, used 264089K [0x00000000d6100000, 0x00000000ee800000, 0x0000000100000000)
  eden space 281088K, 93% used [0x00000000d6100000,0x00000000e62e66b8,0x00000000e7380000)
  from space 13312K, 0% used [0x00000000e8480000,0x00000000e8480000,0x00000000e9180000)
  to   space 17408K, 0% used [0x00000000e7380000,0x00000000e7380000,0x00000000e8480000)
 ParOldGen       total 111616K, used 33405K [0x0000000082200000, 0x0000000088f00000, 0x00000000d6100000)
  object space 111616K, 29% used [0x0000000082200000,0x000000008429f6f0,0x0000000088f00000)
 Metaspace       used 54426K, capacity 58968K, committed 59096K, reserved 1099776K
  class space    used 7277K, capacity 8070K, committed 8152K, reserved 1048576K
Event: 42.665 GC heap after
Heap after GC invocations=11 (full 2):
 PSYoungGen      total 298496K, used 17379K [0x00000000d6100000, 0x00000000efb80000, 0x0000000100000000)
  eden space 281088K, 0% used [0x00000000d6100000,0x00000000d6100000,0x00000000e7380000)
  from space 17408K, 99% used [0x00000000e7380000,0x00000000e8478c00,0x00000000e8480000)
  to   space 23040K, 0% used [0x00000000ee500000,0x00000000ee500000,0x00000000efb80000)
 ParOldGen       total 111616K, used 41287K [0x0000000082200000, 0x0000000088f00000, 0x00000000d6100000)
  object space 111616K, 36% used [0x0000000082200000,0x0000000084a51fd0,0x0000000088f00000)
 Metaspace       used 54426K, capacity 58968K, committed 59096K, reserved 1099776K
  class space    used 7277K, capacity 8070K, committed 8152K, reserved 1048576K
}
Event: 42.665 GC heap before
{Heap before GC invocations=12 (full 3):
 PSYoungGen      total 298496K, used 17379K [0x00000000d6100000, 0x00000000efb80000, 0x0000000100000000)
  eden space 281088K, 0% used [0x00000000d6100000,0x00000000d6100000,0x00000000e7380000)
  from space 17408K, 99% used [0x00000000e7380000,0x00000000e8478c00,0x00000000e8480000)
  to   space 23040K, 0% used [0x00000000ee500000,0x00000000ee500000,0x00000000efb80000)
 ParOldGen       total 111616K, used 41287K [0x0000000082200000, 0x0000000088f00000, 0x00000000d6100000)
  object space 111616K, 36% used [0x0000000082200000,0x0000000084a51fd0,0x0000000088f00000)
 Metaspace       used 54426K, capacity 58968K, committed 59096K, reserved 1099776K
  class space    used 7277K, capacity 8070K, committed 8152K, reserved 1048576K
Event: 42.846 GC heap after
Heap after GC invocations=12 (full 3):
 PSYoungGen      total 298496K, used 0K [0x00000000d6100000, 0x00000000efb80000, 0x0000000100000000)
  eden space 281088K, 0% used [0x00000000d6100000,0x00000000d6100000,0x00000000e7380000)
  from space 17408K, 0% used [0x00000000e7380000,0x00000000e7380000,0x00000000e8480000)
  to   space 23040K, 0% used [0x00000000ee500000,0x00000000ee500000,0x00000000efb80000)
 ParOldGen       total 144384K, used 39697K [0x0000000082200000, 0x000000008af00000, 0x00000000d6100000)
  object space 144384K, 27% used [0x0000000082200000,0x00000000848c4590,0x000000008af00000)
 Metaspace       used 54426K, capacity 58968K, committed 59096K, reserved 1099776K
  class space    used 7277K, capacity 8070K, committed 8152K, reserved 1048576K
}

